[0901/110031.018:INFO:CONSOLE:80] "ServiceWorker registration successful with scope:  https://www.flipkart.com/", source: https://www.flipkart.com/action-bullet-113-lightweight-comfortable-trendy-running-breathable-gym-lace-up-walking-shoes-men/product-reviews/itm1260822d6da06?pid=SHOGW5WWHGQP8WEV&lid=LSTSHOGW5WWHGQP8WEVO6QGPE&marketplace=FLIPKART (80)
[0901/110031.040:INFO:CONSOLE:1] "[object Object] ContextStore", source: https://static-assets-web.flixcart.com/fk-p-linchpin-web/fk-cp-zion/js/app.chunk.2c283500.js (1)
[0901/110031.096:INFO:CONSOLE:1] "Flipkart ♥'s web", source: https://static-assets-web.flixcart.com/fk-p-linchpin-web/fk-cp-zion/js/app.chunk.2c283500.js (1)
[0901/110031.114:INFO:CONSOLE:1] "[object Object] NewApiCaller:fetchWithContextAndTimeout", source: https://static-assets-web.flixcart.com/fk-p-linchpin-web/fk-cp-zion/js/app.chunk.2c283500.js (1)
[0901/110031.229:INFO:CONSOLE:1] "[object Object] NewApiCaller:fetchWithContextAndTimeout", source: https://static-assets-web.flixcart.com/fk-p-linchpin-web/fk-cp-zion/js/app.chunk.2c283500.js (1)
[0901/110031.575:INFO:CONSOLE:1] "[object Object] NewApiCaller:handleDCRedirect", source: https://static-assets-web.flixcart.com/fk-p-linchpin-web/fk-cp-zion/js/app.chunk.2c283500.js (1)
[0901/110031.578:INFO:CONSOLE:1] "[object Object] NewApiCaller:handleDCRedirect", source: https://static-assets-web.flixcart.com/fk-p-linchpin-web/fk-cp-zion/js/app.chunk.2c283500.js (1)
[0901/110031.581:INFO:CONSOLE:1] "[object Object] ApiCaller:Context:updateHostnameFromPromise:dc change", source: https://static-assets-web.flixcart.com/fk-p-linchpin-web/fk-cp-zion/js/app.chunk.2c283500.js (1)
[0901/110031.581:INFO:CONSOLE:1] "[object Object] ContextStore:setHostname", source: https://static-assets-web.flixcart.com/fk-p-linchpin-web/fk-cp-zion/js/app.chunk.2c283500.js (1)
[0901/110031.584:INFO:CONSOLE:1] "[object Object] NewApiCaller:fetchWithContextAndTimeout", source: https://static-assets-web.flixcart.com/fk-p-linchpin-web/fk-cp-zion/js/app.chunk.2c283500.js (1)
[0901/110031.585:INFO:CONSOLE:1] "[object Object] ApiCaller:Context:updateHostnameFromPromise:dc change", source: https://static-assets-web.flixcart.com/fk-p-linchpin-web/fk-cp-zion/js/app.chunk.2c283500.js (1)
[0901/110031.586:INFO:CONSOLE:1] "[object Object] ContextStore:setHostname", source: https://static-assets-web.flixcart.com/fk-p-linchpin-web/fk-cp-zion/js/app.chunk.2c283500.js (1)
[0901/110031.587:INFO:CONSOLE:1] "[object Object] NewApiCaller:fetchWithContextAndTimeout", source: https://static-assets-web.flixcart.com/fk-p-linchpin-web/fk-cp-zion/js/app.chunk.2c283500.js (1)
[0901/110031.672:INFO:CONSOLE:1] "[object Object] NewApiCaller:trackRequestFinish", source: https://static-assets-web.flixcart.com/fk-p-linchpin-web/fk-cp-zion/js/app.chunk.2c283500.js (1)
[0901/110031.681:INFO:CONSOLE:1] "[object Object] NewApiCaller:trackRequestFinish", source: https://static-assets-web.flixcart.com/fk-p-linchpin-web/fk-cp-zion/js/app.chunk.2c283500.js (1)
[0901/110051.122:INFO:CONSOLE:1] "[object Object] NewApiCaller:fetchWithContextAndTimeout", source: https://static-assets-web.flixcart.com/fk-p-linchpin-web/fk-cp-zion/js/app.chunk.2c283500.js (1)
[0901/110051.181:INFO:CONSOLE:1] "[object Object] NewApiCaller:handleDCRedirect", source: https://static-assets-web.flixcart.com/fk-p-linchpin-web/fk-cp-zion/js/app.chunk.2c283500.js (1)
[0901/110051.181:INFO:CONSOLE:1] "[object Object] NewApiCaller:trackRequestFinish", source: https://static-assets-web.flixcart.com/fk-p-linchpin-web/fk-cp-zion/js/app.chunk.2c283500.js (1)
[0901/110051.317:INFO:CONSOLE:1] "[object Object] NewApiCaller:fetchWithContextAndTimeout", source: https://static-assets-web.flixcart.com/fk-p-linchpin-web/fk-cp-zion/js/app.chunk.2c283500.js (1)
[0901/110051.906:INFO:CONSOLE:1] "[object Object] NewApiCaller:handleDCRedirect", source: https://static-assets-web.flixcart.com/fk-p-linchpin-web/fk-cp-zion/js/app.chunk.2c283500.js (1)
[0901/110051.907:INFO:CONSOLE:1] "[object Object] NewApiCaller:trackRequestFinish", source: https://static-assets-web.flixcart.com/fk-p-linchpin-web/fk-cp-zion/js/app.chunk.2c283500.js (1)
[0901/110051.907:INFO:CONSOLE:1] "[object Object] NewApiCaller:parseBody", source: https://static-assets-web.flixcart.com/fk-p-linchpin-web/fk-cp-zion/js/app.chunk.2c283500.js (1)
[0901/110051.955:INFO:CONSOLE:1] "[object Object] NewApiCaller:fetchWithContextAndTimeout", source: https://static-assets-web.flixcart.com/fk-p-linchpin-web/fk-cp-zion/js/app.chunk.2c283500.js (1)
[0901/110051.989:INFO:CONSOLE:1] "[object Object] NewApiCaller:handleDCRedirect", source: https://static-assets-web.flixcart.com/fk-p-linchpin-web/fk-cp-zion/js/app.chunk.2c283500.js (1)
[0901/110051.991:INFO:CONSOLE:1] "[object Object] NewApiCaller:trackRequestFinish", source: https://static-assets-web.flixcart.com/fk-p-linchpin-web/fk-cp-zion/js/app.chunk.2c283500.js (1)
[0901/110052.386:INFO:CONSOLE:0] "Refused to frame 'https://www.googletagmanager.com/' because it violates the following Content Security Policy directive: "frame-src 'self' https://*.flipkart.com http://*.flipkart.com https://*.youtube.com https://youtube.com https://*.vimeo.com https://pay.payzippy.com https://1.pay.payzippy.com https://tnc.phonepe.com https://cdemux.appspot.com https://static-assets-web.flixcart.com/ https://raven-gam.shipsy.io".
", source: https://www.googletagmanager.com/ (0)
[0901/110052.397:INFO:CONSOLE:553] "Failed to execute 'postMessage' on 'DOMWindow': The target origin provided ('https://www.googletagmanager.com') does not match the recipient window's origin ('null').", source: https://www.googletagmanager.com/gtag/js?id=AW-594691041 (553)
[0901/110052.510:INFO:CONSOLE:17] "New Relic: Downloading runtime APIs failed...", source: https://www.flipkart.com/action-bullet-113-lightweight-comfortable-trendy-running-breathable-gym-lace-up-walking-shoes-men/product-reviews/itm1260822d6da06?pid=SHOGW5WWHGQP8WEV&lid=LSTSHOGW5WWHGQP8WEVO6QGPE&marketplace=FLIPKART (17)
[0901/110052.513:INFO:CONSOLE:17] "New Relic: A problem occurred when starting up session manager. This page will not start or extend any session.", source: https://www.flipkart.com/action-bullet-113-lightweight-comfortable-trendy-running-breathable-gym-lace-up-walking-shoes-men/product-reviews/itm1260822d6da06?pid=SHOGW5WWHGQP8WEV&lid=LSTSHOGW5WWHGQP8WEVO6QGPE&marketplace=FLIPKART (17)
[0901/110052.513:INFO:CONSOLE:17] "ChunkLoadError: Loading chunk 860 failed.
(error: https://js-agent.newrelic.com/860.03a8b7a5-1.236.0.min.js)", source: https://www.flipkart.com/action-bullet-113-lightweight-comfortable-trendy-running-breathable-gym-lace-up-walking-shoes-men/product-reviews/itm1260822d6da06?pid=SHOGW5WWHGQP8WEV&lid=LSTSHOGW5WWHGQP8WEVO6QGPE&marketplace=FLIPKART (17)
[0901/110052.515:INFO:CONSOLE:17] "New Relic: A problem occurred when starting up session manager. This page will not start or extend any session.", source: https://www.flipkart.com/action-bullet-113-lightweight-comfortable-trendy-running-breathable-gym-lace-up-walking-shoes-men/product-reviews/itm1260822d6da06?pid=SHOGW5WWHGQP8WEV&lid=LSTSHOGW5WWHGQP8WEVO6QGPE&marketplace=FLIPKART (17)
[0901/110052.515:INFO:CONSOLE:17] "ChunkLoadError: Loading chunk 860 failed.
(error: https://js-agent.newrelic.com/860.03a8b7a5-1.236.0.min.js)", source: https://www.flipkart.com/action-bullet-113-lightweight-comfortable-trendy-running-breathable-gym-lace-up-walking-shoes-men/product-reviews/itm1260822d6da06?pid=SHOGW5WWHGQP8WEV&lid=LSTSHOGW5WWHGQP8WEVO6QGPE&marketplace=FLIPKART (17)
[0901/110052.515:INFO:CONSOLE:17] "New Relic: A problem occurred when starting up session manager. This page will not start or extend any session.", source: https://www.flipkart.com/action-bullet-113-lightweight-comfortable-trendy-running-breathable-gym-lace-up-walking-shoes-men/product-reviews/itm1260822d6da06?pid=SHOGW5WWHGQP8WEV&lid=LSTSHOGW5WWHGQP8WEVO6QGPE&marketplace=FLIPKART (17)
[0901/110052.515:INFO:CONSOLE:17] "ChunkLoadError: Loading chunk 860 failed.
(error: https://js-agent.newrelic.com/860.03a8b7a5-1.236.0.min.js)", source: https://www.flipkart.com/action-bullet-113-lightweight-comfortable-trendy-running-breathable-gym-lace-up-walking-shoes-men/product-reviews/itm1260822d6da06?pid=SHOGW5WWHGQP8WEV&lid=LSTSHOGW5WWHGQP8WEVO6QGPE&marketplace=FLIPKART (17)
[0901/110052.516:INFO:CONSOLE:17] "New Relic: A problem occurred when starting up session manager. This page will not start or extend any session.", source: https://www.flipkart.com/action-bullet-113-lightweight-comfortable-trendy-running-breathable-gym-lace-up-walking-shoes-men/product-reviews/itm1260822d6da06?pid=SHOGW5WWHGQP8WEV&lid=LSTSHOGW5WWHGQP8WEVO6QGPE&marketplace=FLIPKART (17)
[0901/110052.516:INFO:CONSOLE:17] "ChunkLoadError: Loading chunk 860 failed.
(error: https://js-agent.newrelic.com/860.03a8b7a5-1.236.0.min.js)", source: https://www.flipkart.com/action-bullet-113-lightweight-comfortable-trendy-running-breathable-gym-lace-up-walking-shoes-men/product-reviews/itm1260822d6da06?pid=SHOGW5WWHGQP8WEV&lid=LSTSHOGW5WWHGQP8WEVO6QGPE&marketplace=FLIPKART (17)
[0901/110052.516:INFO:CONSOLE:17] "New Relic: A problem occurred when starting up session manager. This page will not start or extend any session.", source: https://www.flipkart.com/action-bullet-113-lightweight-comfortable-trendy-running-breathable-gym-lace-up-walking-shoes-men/product-reviews/itm1260822d6da06?pid=SHOGW5WWHGQP8WEV&lid=LSTSHOGW5WWHGQP8WEVO6QGPE&marketplace=FLIPKART (17)
[0901/110052.516:INFO:CONSOLE:17] "ChunkLoadError: Loading chunk 860 failed.
(error: https://js-agent.newrelic.com/860.03a8b7a5-1.236.0.min.js)", source: https://www.flipkart.com/action-bullet-113-lightweight-comfortable-trendy-running-breathable-gym-lace-up-walking-shoes-men/product-reviews/itm1260822d6da06?pid=SHOGW5WWHGQP8WEV&lid=LSTSHOGW5WWHGQP8WEVO6QGPE&marketplace=FLIPKART (17)
[0901/110052.516:INFO:CONSOLE:17] "New Relic: A problem occurred when starting up session manager. This page will not start or extend any session.", source: https://www.flipkart.com/action-bullet-113-lightweight-comfortable-trendy-running-breathable-gym-lace-up-walking-shoes-men/product-reviews/itm1260822d6da06?pid=SHOGW5WWHGQP8WEV&lid=LSTSHOGW5WWHGQP8WEVO6QGPE&marketplace=FLIPKART (17)
[0901/110052.516:INFO:CONSOLE:17] "ChunkLoadError: Loading chunk 860 failed.
(error: https://js-agent.newrelic.com/860.03a8b7a5-1.236.0.min.js)", source: https://www.flipkart.com/action-bullet-113-lightweight-comfortable-trendy-running-breathable-gym-lace-up-walking-shoes-men/product-reviews/itm1260822d6da06?pid=SHOGW5WWHGQP8WEV&lid=LSTSHOGW5WWHGQP8WEVO6QGPE&marketplace=FLIPKART (17)
[0901/110052.516:INFO:CONSOLE:17] "New Relic: A problem occurred when starting up session manager. This page will not start or extend any session.", source: https://www.flipkart.com/action-bullet-113-lightweight-comfortable-trendy-running-breathable-gym-lace-up-walking-shoes-men/product-reviews/itm1260822d6da06?pid=SHOGW5WWHGQP8WEV&lid=LSTSHOGW5WWHGQP8WEVO6QGPE&marketplace=FLIPKART (17)
[0901/110052.517:INFO:CONSOLE:17] "ChunkLoadError: Loading chunk 860 failed.
(error: https://js-agent.newrelic.com/860.03a8b7a5-1.236.0.min.js)", source: https://www.flipkart.com/action-bullet-113-lightweight-comfortable-trendy-running-breathable-gym-lace-up-walking-shoes-men/product-reviews/itm1260822d6da06?pid=SHOGW5WWHGQP8WEV&lid=LSTSHOGW5WWHGQP8WEVO6QGPE&marketplace=FLIPKART (17)
[0901/110052.517:INFO:CONSOLE:17] "New Relic: A problem occurred when starting up session manager. This page will not start or extend any session.", source: https://www.flipkart.com/action-bullet-113-lightweight-comfortable-trendy-running-breathable-gym-lace-up-walking-shoes-men/product-reviews/itm1260822d6da06?pid=SHOGW5WWHGQP8WEV&lid=LSTSHOGW5WWHGQP8WEVO6QGPE&marketplace=FLIPKART (17)
[0901/110052.518:INFO:CONSOLE:17] "ChunkLoadError: Loading chunk 860 failed.
(error: https://js-agent.newrelic.com/860.03a8b7a5-1.236.0.min.js)", source: https://www.flipkart.com/action-bullet-113-lightweight-comfortable-trendy-running-breathable-gym-lace-up-walking-shoes-men/product-reviews/itm1260822d6da06?pid=SHOGW5WWHGQP8WEV&lid=LSTSHOGW5WWHGQP8WEVO6QGPE&marketplace=FLIPKART (17)
[0901/110052.775:INFO:CONSOLE:17] "New Relic: Downloading and initializing page_view_event failed...", source: https://www.flipkart.com/action-bullet-113-lightweight-comfortable-trendy-running-breathable-gym-lace-up-walking-shoes-men/product-reviews/itm1260822d6da06?pid=SHOGW5WWHGQP8WEV&lid=LSTSHOGW5WWHGQP8WEVO6QGPE&marketplace=FLIPKART (17)
[0901/110052.775:INFO:CONSOLE:17] "ChunkLoadError: Loading chunk 412 failed.
(error: https://js-agent.newrelic.com/lazy-feature-loader.2f55ce66-1.236.0.min.js)", source: https://www.flipkart.com/action-bullet-113-lightweight-comfortable-trendy-running-breathable-gym-lace-up-walking-shoes-men/product-reviews/itm1260822d6da06?pid=SHOGW5WWHGQP8WEV&lid=LSTSHOGW5WWHGQP8WEVO6QGPE&marketplace=FLIPKART (17)
[0901/110052.776:INFO:CONSOLE:17] "New Relic: Downloading and initializing page_view_timing failed...", source: https://www.flipkart.com/action-bullet-113-lightweight-comfortable-trendy-running-breathable-gym-lace-up-walking-shoes-men/product-reviews/itm1260822d6da06?pid=SHOGW5WWHGQP8WEV&lid=LSTSHOGW5WWHGQP8WEVO6QGPE&marketplace=FLIPKART (17)
[0901/110052.776:INFO:CONSOLE:17] "ChunkLoadError: Loading chunk 412 failed.
(error: https://js-agent.newrelic.com/lazy-feature-loader.2f55ce66-1.236.0.min.js)", source: https://www.flipkart.com/action-bullet-113-lightweight-comfortable-trendy-running-breathable-gym-lace-up-walking-shoes-men/product-reviews/itm1260822d6da06?pid=SHOGW5WWHGQP8WEV&lid=LSTSHOGW5WWHGQP8WEVO6QGPE&marketplace=FLIPKART (17)
[0901/110052.776:INFO:CONSOLE:17] "New Relic: Downloading and initializing metrics failed...", source: https://www.flipkart.com/action-bullet-113-lightweight-comfortable-trendy-running-breathable-gym-lace-up-walking-shoes-men/product-reviews/itm1260822d6da06?pid=SHOGW5WWHGQP8WEV&lid=LSTSHOGW5WWHGQP8WEVO6QGPE&marketplace=FLIPKART (17)
[0901/110052.776:INFO:CONSOLE:17] "ChunkLoadError: Loading chunk 412 failed.
(error: https://js-agent.newrelic.com/lazy-feature-loader.2f55ce66-1.236.0.min.js)", source: https://www.flipkart.com/action-bullet-113-lightweight-comfortable-trendy-running-breathable-gym-lace-up-walking-shoes-men/product-reviews/itm1260822d6da06?pid=SHOGW5WWHGQP8WEV&lid=LSTSHOGW5WWHGQP8WEVO6QGPE&marketplace=FLIPKART (17)
[0901/110052.777:INFO:CONSOLE:17] "New Relic: Downloading and initializing jserrors failed...", source: https://www.flipkart.com/action-bullet-113-lightweight-comfortable-trendy-running-breathable-gym-lace-up-walking-shoes-men/product-reviews/itm1260822d6da06?pid=SHOGW5WWHGQP8WEV&lid=LSTSHOGW5WWHGQP8WEVO6QGPE&marketplace=FLIPKART (17)
[0901/110052.777:INFO:CONSOLE:17] "ChunkLoadError: Loading chunk 412 failed.
(error: https://js-agent.newrelic.com/lazy-feature-loader.2f55ce66-1.236.0.min.js)", source: https://www.flipkart.com/action-bullet-113-lightweight-comfortable-trendy-running-breathable-gym-lace-up-walking-shoes-men/product-reviews/itm1260822d6da06?pid=SHOGW5WWHGQP8WEV&lid=LSTSHOGW5WWHGQP8WEVO6QGPE&marketplace=FLIPKART (17)
[0901/110052.777:INFO:CONSOLE:17] "New Relic: Downloading and initializing ajax failed...", source: https://www.flipkart.com/action-bullet-113-lightweight-comfortable-trendy-running-breathable-gym-lace-up-walking-shoes-men/product-reviews/itm1260822d6da06?pid=SHOGW5WWHGQP8WEV&lid=LSTSHOGW5WWHGQP8WEVO6QGPE&marketplace=FLIPKART (17)
[0901/110052.777:INFO:CONSOLE:17] "ChunkLoadError: Loading chunk 412 failed.
(error: https://js-agent.newrelic.com/lazy-feature-loader.2f55ce66-1.236.0.min.js)", source: https://www.flipkart.com/action-bullet-113-lightweight-comfortable-trendy-running-breathable-gym-lace-up-walking-shoes-men/product-reviews/itm1260822d6da06?pid=SHOGW5WWHGQP8WEV&lid=LSTSHOGW5WWHGQP8WEVO6QGPE&marketplace=FLIPKART (17)
[0901/110052.777:INFO:CONSOLE:17] "New Relic: Downloading and initializing session_trace failed...", source: https://www.flipkart.com/action-bullet-113-lightweight-comfortable-trendy-running-breathable-gym-lace-up-walking-shoes-men/product-reviews/itm1260822d6da06?pid=SHOGW5WWHGQP8WEV&lid=LSTSHOGW5WWHGQP8WEVO6QGPE&marketplace=FLIPKART (17)
[0901/110052.777:INFO:CONSOLE:17] "ChunkLoadError: Loading chunk 412 failed.
(error: https://js-agent.newrelic.com/lazy-feature-loader.2f55ce66-1.236.0.min.js)", source: https://www.flipkart.com/action-bullet-113-lightweight-comfortable-trendy-running-breathable-gym-lace-up-walking-shoes-men/product-reviews/itm1260822d6da06?pid=SHOGW5WWHGQP8WEV&lid=LSTSHOGW5WWHGQP8WEVO6QGPE&marketplace=FLIPKART (17)
[0901/110052.778:INFO:CONSOLE:17] "New Relic: Downloading and initializing page_action failed...", source: https://www.flipkart.com/action-bullet-113-lightweight-comfortable-trendy-running-breathable-gym-lace-up-walking-shoes-men/product-reviews/itm1260822d6da06?pid=SHOGW5WWHGQP8WEV&lid=LSTSHOGW5WWHGQP8WEVO6QGPE&marketplace=FLIPKART (17)
[0901/110052.778:INFO:CONSOLE:17] "ChunkLoadError: Loading chunk 412 failed.
(error: https://js-agent.newrelic.com/lazy-feature-loader.2f55ce66-1.236.0.min.js)", source: https://www.flipkart.com/action-bullet-113-lightweight-comfortable-trendy-running-breathable-gym-lace-up-walking-shoes-men/product-reviews/itm1260822d6da06?pid=SHOGW5WWHGQP8WEV&lid=LSTSHOGW5WWHGQP8WEVO6QGPE&marketplace=FLIPKART (17)
[0901/110052.779:INFO:CONSOLE:17] "New Relic: Downloading and initializing spa failed...", source: https://www.flipkart.com/action-bullet-113-lightweight-comfortable-trendy-running-breathable-gym-lace-up-walking-shoes-men/product-reviews/itm1260822d6da06?pid=SHOGW5WWHGQP8WEV&lid=LSTSHOGW5WWHGQP8WEVO6QGPE&marketplace=FLIPKART (17)
[0901/110052.779:INFO:CONSOLE:17] "ChunkLoadError: Loading chunk 412 failed.
(error: https://js-agent.newrelic.com/lazy-feature-loader.2f55ce66-1.236.0.min.js)", source: https://www.flipkart.com/action-bullet-113-lightweight-comfortable-trendy-running-breathable-gym-lace-up-walking-shoes-men/product-reviews/itm1260822d6da06?pid=SHOGW5WWHGQP8WEV&lid=LSTSHOGW5WWHGQP8WEVO6QGPE&marketplace=FLIPKART (17)
[0901/110052.899:INFO:CONSOLE:553] "Failed to execute 'postMessage' on 'DOMWindow': The target origin provided ('https://www.googletagmanager.com') does not match the recipient window's origin ('null').", source: https://www.googletagmanager.com/gtag/js?id=AW-594691041 (553)
[0901/110053.414:INFO:CONSOLE:553] "Failed to execute 'postMessage' on 'DOMWindow': The target origin provided ('https://www.googletagmanager.com') does not match the recipient window's origin ('null').", source: https://www.googletagmanager.com/gtag/js?id=AW-594691041 (553)
[0901/110053.929:INFO:CONSOLE:553] "Failed to execute 'postMessage' on 'DOMWindow': The target origin provided ('https://www.googletagmanager.com') does not match the recipient window's origin ('null').", source: https://www.googletagmanager.com/gtag/js?id=AW-594691041 (553)
[0901/110054.460:INFO:CONSOLE:553] "Failed to execute 'postMessage' on 'DOMWindow': The target origin provided ('https://www.googletagmanager.com') does not match the recipient window's origin ('null').", source: https://www.googletagmanager.com/gtag/js?id=AW-594691041 (553)
[0901/110054.978:INFO:CONSOLE:553] "Failed to execute 'postMessage' on 'DOMWindow': The target origin provided ('https://www.googletagmanager.com') does not match the recipient window's origin ('null').", source: https://www.googletagmanager.com/gtag/js?id=AW-594691041 (553)
[0901/110055.496:INFO:CONSOLE:553] "Failed to execute 'postMessage' on 'DOMWindow': The target origin provided ('https://www.googletagmanager.com') does not match the recipient window's origin ('null').", source: https://www.googletagmanager.com/gtag/js?id=AW-594691041 (553)
[0901/110056.025:INFO:CONSOLE:553] "Failed to execute 'postMessage' on 'DOMWindow': The target origin provided ('https://www.googletagmanager.com') does not match the recipient window's origin ('null').", source: https://www.googletagmanager.com/gtag/js?id=AW-594691041 (553)
[0901/110056.555:INFO:CONSOLE:553] "Failed to execute 'postMessage' on 'DOMWindow': The target origin provided ('https://www.googletagmanager.com') does not match the recipient window's origin ('null').", source: https://www.googletagmanager.com/gtag/js?id=AW-594691041 (553)
[0901/110057.082:INFO:CONSOLE:553] "Failed to execute 'postMessage' on 'DOMWindow': The target origin provided ('https://www.googletagmanager.com') does not match the recipient window's origin ('null').", source: https://www.googletagmanager.com/gtag/js?id=AW-594691041 (553)
[0901/110057.605:INFO:CONSOLE:553] "Failed to execute 'postMessage' on 'DOMWindow': The target origin provided ('https://www.googletagmanager.com') does not match the recipient window's origin ('null').", source: https://www.googletagmanager.com/gtag/js?id=AW-594691041 (553)
[0901/110058.120:INFO:CONSOLE:553] "Failed to execute 'postMessage' on 'DOMWindow': The target origin provided ('https://www.googletagmanager.com') does not match the recipient window's origin ('null').", source: https://www.googletagmanager.com/gtag/js?id=AW-594691041 (553)
[0901/110058.645:INFO:CONSOLE:553] "Failed to execute 'postMessage' on 'DOMWindow': The target origin provided ('https://www.googletagmanager.com') does not match the recipient window's origin ('null').", source: https://www.googletagmanager.com/gtag/js?id=AW-594691041 (553)
[0901/110059.163:INFO:CONSOLE:553] "Failed to execute 'postMessage' on 'DOMWindow': The target origin provided ('https://www.googletagmanager.com') does not match the recipient window's origin ('null').", source: https://www.googletagmanager.com/gtag/js?id=AW-594691041 (553)
[0901/110059.683:INFO:CONSOLE:553] "Failed to execute 'postMessage' on 'DOMWindow': The target origin provided ('https://www.googletagmanager.com') does not match the recipient window's origin ('null').", source: https://www.googletagmanager.com/gtag/js?id=AW-594691041 (553)
[0901/110100.201:INFO:CONSOLE:553] "Failed to execute 'postMessage' on 'DOMWindow': The target origin provided ('https://www.googletagmanager.com') does not match the recipient window's origin ('null').", source: https://www.googletagmanager.com/gtag/js?id=AW-594691041 (553)
[0901/110100.719:INFO:CONSOLE:553] "Failed to execute 'postMessage' on 'DOMWindow': The target origin provided ('https://www.googletagmanager.com') does not match the recipient window's origin ('null').", source: https://www.googletagmanager.com/gtag/js?id=AW-594691041 (553)
[0901/110101.248:INFO:CONSOLE:553] "Failed to execute 'postMessage' on 'DOMWindow': The target origin provided ('https://www.googletagmanager.com') does not match the recipient window's origin ('null').", source: https://www.googletagmanager.com/gtag/js?id=AW-594691041 (553)
[0901/110101.766:INFO:CONSOLE:553] "Failed to execute 'postMessage' on 'DOMWindow': The target origin provided ('https://www.googletagmanager.com') does not match the recipient window's origin ('null').", source: https://www.googletagmanager.com/gtag/js?id=AW-594691041 (553)
[0901/110102.294:INFO:CONSOLE:553] "Failed to execute 'postMessage' on 'DOMWindow': The target origin provided ('https://www.googletagmanager.com') does not match the recipient window's origin ('null').", source: https://www.googletagmanager.com/gtag/js?id=AW-594691041 (553)
[0901/110102.825:INFO:CONSOLE:553] "Failed to execute 'postMessage' on 'DOMWindow': The target origin provided ('https://www.googletagmanager.com') does not match the recipient window's origin ('null').", source: https://www.googletagmanager.com/gtag/js?id=AW-594691041 (553)
[0901/110111.350:INFO:CONSOLE:1] "[object Object] NewApiCaller:fetchWithContextAndTimeout", source: https://static-assets-web.flixcart.com/fk-p-linchpin-web/fk-cp-zion/js/app.chunk.2c283500.js (1)
[0901/110111.561:INFO:CONSOLE:1] "[object Object] NewApiCaller:handleDCRedirect", source: https://static-assets-web.flixcart.com/fk-p-linchpin-web/fk-cp-zion/js/app.chunk.2c283500.js (1)
[0901/110111.561:INFO:CONSOLE:1] "[object Object] NewApiCaller:trackRequestFinish", source: https://static-assets-web.flixcart.com/fk-p-linchpin-web/fk-cp-zion/js/app.chunk.2c283500.js (1)
[0901/110112.334:INFO:CONSOLE:1] "[object Object] NewApiCaller:fetchWithContextAndTimeout", source: https://static-assets-web.flixcart.com/fk-p-linchpin-web/fk-cp-zion/js/app.chunk.2c283500.js (1)
[0901/110112.770:INFO:CONSOLE:1] "[object Object] NewApiCaller:handleDCRedirect", source: https://static-assets-web.flixcart.com/fk-p-linchpin-web/fk-cp-zion/js/app.chunk.2c283500.js (1)
[0901/110112.770:INFO:CONSOLE:1] "[object Object] NewApiCaller:trackRequestFinish", source: https://static-assets-web.flixcart.com/fk-p-linchpin-web/fk-cp-zion/js/app.chunk.2c283500.js (1)
[0901/110112.771:INFO:CONSOLE:1] "[object Object] NewApiCaller:parseBody", source: https://static-assets-web.flixcart.com/fk-p-linchpin-web/fk-cp-zion/js/app.chunk.2c283500.js (1)
[0901/110112.813:INFO:CONSOLE:1] "[object Object] NewApiCaller:fetchWithContextAndTimeout", source: https://static-assets-web.flixcart.com/fk-p-linchpin-web/fk-cp-zion/js/app.chunk.2c283500.js (1)
[0901/110112.818:INFO:CONSOLE:1] "[object Object] NewApiCaller:fetchWithContextAndTimeout", source: https://static-assets-web.flixcart.com/fk-p-linchpin-web/fk-cp-zion/js/app.chunk.2c283500.js (1)
[0901/110112.883:INFO:CONSOLE:1] "[object Object] NewApiCaller:handleDCRedirect", source: https://static-assets-web.flixcart.com/fk-p-linchpin-web/fk-cp-zion/js/app.chunk.2c283500.js (1)
[0901/110112.884:INFO:CONSOLE:1] "[object Object] NewApiCaller:trackRequestFinish", source: https://static-assets-web.flixcart.com/fk-p-linchpin-web/fk-cp-zion/js/app.chunk.2c283500.js (1)
[0901/110112.886:INFO:CONSOLE:1] "[object Object] NewApiCaller:handleDCRedirect", source: https://static-assets-web.flixcart.com/fk-p-linchpin-web/fk-cp-zion/js/app.chunk.2c283500.js (1)
[0901/110112.886:INFO:CONSOLE:1] "[object Object] NewApiCaller:trackRequestFinish", source: https://static-assets-web.flixcart.com/fk-p-linchpin-web/fk-cp-zion/js/app.chunk.2c283500.js (1)
[0901/110123.327:INFO:CONSOLE:1] "[object Object] NewApiCaller:fetchWithContextAndTimeout", source: https://static-assets-web.flixcart.com/fk-p-linchpin-web/fk-cp-zion/js/app.chunk.2c283500.js (1)
[0901/110123.614:INFO:CONSOLE:1] "[object Object] NewApiCaller:handleDCRedirect", source: https://static-assets-web.flixcart.com/fk-p-linchpin-web/fk-cp-zion/js/app.chunk.2c283500.js (1)
[0901/110123.614:INFO:CONSOLE:1] "[object Object] NewApiCaller:trackRequestFinish", source: https://static-assets-web.flixcart.com/fk-p-linchpin-web/fk-cp-zion/js/app.chunk.2c283500.js (1)
[0901/110123.615:INFO:CONSOLE:1] "[object Object] NewApiCaller:parseBody", source: https://static-assets-web.flixcart.com/fk-p-linchpin-web/fk-cp-zion/js/app.chunk.2c283500.js (1)
[0901/110123.662:INFO:CONSOLE:1] "[object Object] NewApiCaller:fetchWithContextAndTimeout", source: https://static-assets-web.flixcart.com/fk-p-linchpin-web/fk-cp-zion/js/app.chunk.2c283500.js (1)
[0901/110123.859:INFO:CONSOLE:1] "[object Object] NewApiCaller:handleDCRedirect", source: https://static-assets-web.flixcart.com/fk-p-linchpin-web/fk-cp-zion/js/app.chunk.2c283500.js (1)
[0901/110123.859:INFO:CONSOLE:1] "[object Object] NewApiCaller:trackRequestFinish", source: https://static-assets-web.flixcart.com/fk-p-linchpin-web/fk-cp-zion/js/app.chunk.2c283500.js (1)
[0901/110123.860:INFO:CONSOLE:1] "[object Object] NewApiCaller:parseBody", source: https://static-assets-web.flixcart.com/fk-p-linchpin-web/fk-cp-zion/js/app.chunk.2c283500.js (1)
[0901/110123.883:INFO:CONSOLE:1] "[object Object] NewApiCaller:fetchWithContextAndTimeout", source: https://static-assets-web.flixcart.com/fk-p-linchpin-web/fk-cp-zion/js/app.chunk.2c283500.js (1)
[0901/110123.909:INFO:CONSOLE:1] "[object Object] NewApiCaller:fetchWithContextAndTimeout", source: https://static-assets-web.flixcart.com/fk-p-linchpin-web/fk-cp-zion/js/app.chunk.2c283500.js (1)
[0901/110124.017:INFO:CONSOLE:1] "[object Object] NewApiCaller:handleDCRedirect", source: https://static-assets-web.flixcart.com/fk-p-linchpin-web/fk-cp-zion/js/app.chunk.2c283500.js (1)
[0901/110124.018:INFO:CONSOLE:1] "[object Object] NewApiCaller:trackRequestFinish", source: https://static-assets-web.flixcart.com/fk-p-linchpin-web/fk-cp-zion/js/app.chunk.2c283500.js (1)
[0901/110124.082:INFO:CONSOLE:1] "[object Object] NewApiCaller:handleDCRedirect", source: https://static-assets-web.flixcart.com/fk-p-linchpin-web/fk-cp-zion/js/app.chunk.2c283500.js (1)
[0901/110124.083:INFO:CONSOLE:1] "[object Object] NewApiCaller:trackRequestFinish", source: https://static-assets-web.flixcart.com/fk-p-linchpin-web/fk-cp-zion/js/app.chunk.2c283500.js (1)
[0901/110124.083:INFO:CONSOLE:1] "[object Object] NewApiCaller:parseBody", source: https://static-assets-web.flixcart.com/fk-p-linchpin-web/fk-cp-zion/js/app.chunk.2c283500.js (1)
[0901/110132.812:INFO:CONSOLE:1] "[object Object] NewApiCaller:fetchWithContextAndTimeout", source: https://static-assets-web.flixcart.com/fk-p-linchpin-web/fk-cp-zion/js/app.chunk.2c283500.js (1)
[0901/110132.844:INFO:CONSOLE:1] "[object Object] NewApiCaller:handleDCRedirect", source: https://static-assets-web.flixcart.com/fk-p-linchpin-web/fk-cp-zion/js/app.chunk.2c283500.js (1)
[0901/110132.845:INFO:CONSOLE:1] "[object Object] NewApiCaller:trackRequestFinish", source: https://static-assets-web.flixcart.com/fk-p-linchpin-web/fk-cp-zion/js/app.chunk.2c283500.js (1)
